<?xml version="1.0" encoding="UTF-8"?>
<!-- Generated by org.testng.reporters.JUnitXMLReporter -->
<testsuite ignored="1" hostname="DESKTOP-DM7HA6N" failures="0" tests="2" name="Test" time="27.272" errors="0" timestamp="2023-06-25T08:51:02 IST">
  <testcase classname="tests.HomePageTest" name="HomePageTest1" time="3.858"/>
  <testcase classname="tests.verifyAddCustomerTest" name="verifyNewCustomer" time="3.792"/>
  <testcase classname="tests.BaseTest" name="@BeforeSuite beforeSuite" time="0.0">
    <ignored/>
  </testcase> <!-- @BeforeSuite beforeSuite -->
</testsuite> <!-- Test -->
